<?xml version="1.0" encoding="UTF-8"?>
<!-- Generated by org.testng.reporters.JUnitReportReporter -->
<testsuite skipped="0" hostname="DESKTOP-9I4GOD1" name="testngPack.pandurang" tests="1" failures="0" timestamp="2022-08-20T14:13:40 IST" time="0.012" errors="0">
  <testcase name="abhi" time="0.012" classname="testngPack.pandurang"/>
  <system-out>
    <![CDATA[hi iam abhi]]>
  </system-out>
</testsuite> <!-- testngPack.pandurang -->
