<?xml version="1.0" encoding="UTF-8"?>
<!-- Generated by org.testng.reporters.JUnitReportReporter -->
<testsuite skipped="0" hostname="DESKTOP-9I4GOD1" name="testngPack.GroupsFlags" tests="12" failures="0" timestamp="2022-08-31T11:42:22 IST" time="0.047" errors="0">
  <testcase name="smoke5" time="0.000" classname="testngPack.GroupsFlags"/>
  <system-out>
    <![CDATA[smoke Testcase 5]]>
  </system-out>
  <testcase name="ft6" time="0.000" classname="testngPack.GroupsFlags"/>
  <system-out>
    <![CDATA[Functional Testcase 6]]>
  </system-out>
  <testcase name="smoke4" time="0.015" classname="testngPack.GroupsFlags"/>
  <system-out>
    <![CDATA[smoke Testcase 4]]>
  </system-out>
  <testcase name="smoke3" time="0.000" classname="testngPack.GroupsFlags"/>
  <system-out>
    <![CDATA[smoke Testcase 3]]>
  </system-out>
  <testcase name="smoke1" time="0.000" classname="testngPack.GroupsFlags"/>
  <system-out>
    <![CDATA[smoke Testcase 1]]>
  </system-out>
  <testcase name="smoke6" time="0.016" classname="testngPack.GroupsFlags"/>
  <system-out>
    <![CDATA[smoke Testcase 6]]>
  </system-out>
  <testcase name="ft2" time="0.000" classname="testngPack.GroupsFlags"/>
  <system-out>
    <![CDATA[Functional Testcase 2]]>
  </system-out>
  <testcase name="smoke2" time="0.000" classname="testngPack.GroupsFlags"/>
  <system-out>
    <![CDATA[smoke Testcase 2]]>
  </system-out>
  <testcase name="ft4" time="0.000" classname="testngPack.GroupsFlags"/>
  <system-out>
    <![CDATA[Functional Testcase 4]]>
  </system-out>
  <testcase name="ft1" time="0.016" classname="testngPack.GroupsFlags"/>
  <system-out>
    <![CDATA[Functional Testcase 1]]>
  </system-out>
  <testcase name="ft3" time="0.000" classname="testngPack.GroupsFlags"/>
  <system-out>
    <![CDATA[Functional Testcase 3]]>
  </system-out>
  <testcase name="ft5" time="0.000" classname="testngPack.GroupsFlags"/>
  <system-out>
    <![CDATA[Functional Testcase 5]]>
  </system-out>
</testsuite> <!-- testngPack.GroupsFlags -->
