<?xml version="1.0" encoding="UTF-8"?>
<!-- Generated by org.testng.reporters.JUnitReportReporter -->
<testsuite skipped="0" hostname="DESKTOP-9I4GOD1" name="testngPack.ActiimeAssertion2" tests="1" failures="0" timestamp="2022-08-25T17:50:46 IST" time="7.984" errors="0">
  <testcase name="loginPage" time="7.984" classname="testngPack.ActiimeAssertion2"/>
  <system-out>
    <![CDATA[Title is verifide 
username textbox is present ]]>
  </system-out>
</testsuite> <!-- testngPack.ActiimeAssertion2 -->
