<?xml version="1.0" encoding="UTF-8"?>
<!-- Generated by org.testng.reporters.JUnitReportReporter -->
<testsuite skipped="0" hostname="DESKTOP-9I4GOD1" name="testngPack.Sumo" tests="1" failures="0" timestamp="2022-08-20T12:33:06 IST" time="0.015" errors="0">
  <testcase name="method3" time="0.015" classname="testngPack.Sumo"/>
  <system-out>
    <![CDATA[HI,i am from method 3]]>
  </system-out>
</testsuite> <!-- testngPack.Sumo -->
