<?xml version="1.0" encoding="UTF-8"?>
<!-- Generated by org.testng.reporters.JUnitReportReporter -->
<testsuite skipped="0" hostname="DESKTOP-9I4GOD1" name="testngPack.Anotations" tests="1" failures="0" timestamp="2022-08-22T16:49:02 IST" time="0.017" errors="0">
  <testcase name="test1" time="0.017" classname="testngPack.Anotations"/>
  <system-out>
    <![CDATA[test1 method]]>
  </system-out>
</testsuite> <!-- testngPack.Anotations -->
