<?xml version="1.0" encoding="UTF-8"?>
<!-- Generated by org.testng.reporters.JUnitReportReporter -->
<testsuite skipped="0" hostname="DESKTOP-9I4GOD1" name="testngPack.Demo" tests="1" failures="0" timestamp="2022-08-20T12:33:06 IST" time="0.000" errors="0">
  <testcase name="method1" time="0.000" classname="testngPack.Demo"/>
  <system-out>
    <![CDATA[HI,i am from method a]]>
  </system-out>
</testsuite> <!-- testngPack.Demo -->
