<?xml version="1.0" encoding="UTF-8"?>
<!-- Generated by org.testng.reporters.JUnitReportReporter -->
<testsuite skipped="0" hostname="DESKTOP-9I4GOD1" name="testngPack.Assertions1" tests="1" failures="0" timestamp="2022-08-29T15:22:12 IST" time="11.458" errors="0">
  <testcase name="ActitimeTest" time="11.458" classname="testngPack.Assertions1"/>
  <system-out>
    <![CDATA[login page title is verified
username text box is displayed
pasword text box is displayed
login button  is displayed
Home page title is verified
create user
create reports]]>
  </system-out>
</testsuite> <!-- testngPack.Assertions1 -->
